2020-08-14 22:47:42.4101||INFO|CytelDBDeployment.DBDeployment|Completed Execution D:\Cytel\CytelDBDeployment\solaris\services\database\postgresql\schema\project\Project.schema.sql 
2020-08-14 22:47:42.6650||INFO|CytelDBDeployment.DBDeployment|Completed Execution D:\Cytel\CytelDBDeployment\solaris\services\database\postgresql\schema\project\tables\Project.StaticTables.sql 
2020-08-14 22:47:42.9021||INFO|CytelDBDeployment.DBDeployment|Completed Execution D:\Cytel\CytelDBDeployment\solaris\services\database\postgresql\schema\project\tables\Project.TransactionTables.sql 
2020-08-14 22:47:43.1256||INFO|CytelDBDeployment.DBDeployment|Completed Execution D:\Cytel\CytelDBDeployment\solaris\services\database\postgresql\schema\project\functions\get_currency_list.function.sql 
2020-08-14 22:47:43.3526||INFO|CytelDBDeployment.DBDeployment|Completed Execution D:\Cytel\CytelDBDeployment\solaris\services\database\postgresql\schema\project\functions\get_endpoint_list.function.sql 
2020-08-14 22:47:43.5754||INFO|CytelDBDeployment.DBDeployment|Completed Execution D:\Cytel\CytelDBDeployment\solaris\services\database\postgresql\schema\project\functions\get_enginedetails.function.sql 
2020-08-14 22:47:43.8046||INFO|CytelDBDeployment.DBDeployment|Completed Execution D:\Cytel\CytelDBDeployment\solaris\services\database\postgresql\schema\project\functions\get_geography_list.function.sql 
2020-08-14 22:47:44.0327||INFO|CytelDBDeployment.DBDeployment|Completed Execution D:\Cytel\CytelDBDeployment\solaris\services\database\postgresql\schema\project\functions\get_indication_list.function.sql 
2020-08-14 22:47:44.2547||INFO|CytelDBDeployment.DBDeployment|Completed Execution D:\Cytel\CytelDBDeployment\solaris\services\database\postgresql\schema\project\functions\get_input_advisor_enrollment_period.function.sql 
2020-08-14 22:47:44.4826||INFO|CytelDBDeployment.DBDeployment|Completed Execution D:\Cytel\CytelDBDeployment\solaris\services\database\postgresql\schema\project\functions\get_input_advisor_inputs.function.sql 
2020-08-14 22:47:44.7043||INFO|CytelDBDeployment.DBDeployment|Completed Execution D:\Cytel\CytelDBDeployment\solaris\services\database\postgresql\schema\project\functions\get_input_advisor_inputs.function_by_id.sql 
2020-08-14 22:47:44.9381||INFO|CytelDBDeployment.DBDeployment|Completed Execution D:\Cytel\CytelDBDeployment\solaris\services\database\postgresql\schema\project\functions\get_input_advisor_inputs_by_projectid.function.sql 
2020-08-14 22:47:45.1674||INFO|CytelDBDeployment.DBDeployment|Completed Execution D:\Cytel\CytelDBDeployment\solaris\services\database\postgresql\schema\project\functions\get_input_advisor_population_input_method.function.sql 
2020-08-14 22:47:45.3964||INFO|CytelDBDeployment.DBDeployment|Completed Execution D:\Cytel\CytelDBDeployment\solaris\services\database\postgresql\schema\project\functions\get_input_advisor_schema.function.sql 
2020-08-14 22:47:45.6209||INFO|CytelDBDeployment.DBDeployment|Completed Execution D:\Cytel\CytelDBDeployment\solaris\services\database\postgresql\schema\project\functions\get_priority_queue_details.sql 
2020-08-14 22:47:45.8463||INFO|CytelDBDeployment.DBDeployment|Completed Execution D:\Cytel\CytelDBDeployment\solaris\services\database\postgresql\schema\project\functions\get_program_list.function.sql 
2020-08-14 22:47:46.0684||INFO|CytelDBDeployment.DBDeployment|Completed Execution D:\Cytel\CytelDBDeployment\solaris\services\database\postgresql\schema\project\functions\get_project_json_object.function.sql 
2020-08-14 22:47:46.2916||INFO|CytelDBDeployment.DBDeployment|Completed Execution D:\Cytel\CytelDBDeployment\solaris\services\database\postgresql\schema\project\functions\get_project_list.function.sql 
2020-08-14 22:47:46.5133||INFO|CytelDBDeployment.DBDeployment|Completed Execution D:\Cytel\CytelDBDeployment\solaris\services\database\postgresql\schema\project\functions\get_resource_id.function.sql 
2020-08-14 22:47:46.7410||INFO|CytelDBDeployment.DBDeployment|Completed Execution D:\Cytel\CytelDBDeployment\solaris\services\database\postgresql\schema\project\functions\get_statisticalengine_list.function.sql 
2020-08-14 22:47:46.9699||INFO|CytelDBDeployment.DBDeployment|Completed Execution D:\Cytel\CytelDBDeployment\solaris\services\database\postgresql\schema\project\functions\get_statistical_engine_details.function.sql 
2020-08-14 22:47:47.1975||INFO|CytelDBDeployment.DBDeployment|Completed Execution D:\Cytel\CytelDBDeployment\solaris\services\database\postgresql\schema\project\functions\get_status_list.function.sql 
2020-08-14 22:47:47.5479||INFO|CytelDBDeployment.DBDeployment|Error while executing file D:\Cytel\CytelDBDeployment\solaris\services\database\postgresql\schema\project\functions\get_storage_info.function.sql 42P01: relation "project.User" does not exist 
2020-08-14 22:47:47.7701||INFO|CytelDBDeployment.DBDeployment|Completed Execution D:\Cytel\CytelDBDeployment\solaris\services\database\postgresql\schema\project\functions\get_timeunit_list.function.sql 
2020-08-14 22:47:47.9971||INFO|CytelDBDeployment.DBDeployment|Completed Execution D:\Cytel\CytelDBDeployment\solaris\services\database\postgresql\schema\project\functions\get_time_unit_value_for_project.sql 
2020-08-14 22:47:48.2378||INFO|CytelDBDeployment.DBDeployment|Completed Execution D:\Cytel\CytelDBDeployment\solaris\services\database\postgresql\schema\project\functions\is_endpoint_id_and_value_exists.function.sql 
2020-08-14 22:47:48.4629||INFO|CytelDBDeployment.DBDeployment|Completed Execution D:\Cytel\CytelDBDeployment\solaris\services\database\postgresql\schema\project\functions\is_enrollment_distribution_id_and_value_exists.function.sql 
2020-08-14 22:47:48.6876||INFO|CytelDBDeployment.DBDeployment|Completed Execution D:\Cytel\CytelDBDeployment\solaris\services\database\postgresql\schema\project\functions\is_enrollment_geography_id_and_value_exists.function.sql 
2020-08-14 22:47:48.9092||INFO|CytelDBDeployment.DBDeployment|Completed Execution D:\Cytel\CytelDBDeployment\solaris\services\database\postgresql\schema\project\functions\is_enrollment_inputmethod_id_and_value_exists.function.sql 
2020-08-14 22:47:49.1301||INFO|CytelDBDeployment.DBDeployment|Completed Execution D:\Cytel\CytelDBDeployment\solaris\services\database\postgresql\schema\project\functions\is_populationmodel_id_and_value_exists.function.sql 
2020-08-14 22:47:49.3511||INFO|CytelDBDeployment.DBDeployment|Completed Execution D:\Cytel\CytelDBDeployment\solaris\services\database\postgresql\schema\project\functions\is_population_dropoutmodel_id_and_value_exists.function.sql 
2020-08-14 22:47:49.5736||INFO|CytelDBDeployment.DBDeployment|Completed Execution D:\Cytel\CytelDBDeployment\solaris\services\database\postgresql\schema\project\functions\is_population_dropout_inputmethod_id_and_value_exists.function.sql 
2020-08-14 22:47:49.7996||INFO|CytelDBDeployment.DBDeployment|Completed Execution D:\Cytel\CytelDBDeployment\solaris\services\database\postgresql\schema\project\functions\is_population_inputmethod_id_and_value_exists.function.sql 
2020-08-14 22:47:50.0203||INFO|CytelDBDeployment.DBDeployment|Completed Execution D:\Cytel\CytelDBDeployment\solaris\services\database\postgresql\schema\project\functions\is_program_name_exists.sql 
2020-08-14 22:47:50.2455||INFO|CytelDBDeployment.DBDeployment|Completed Execution D:\Cytel\CytelDBDeployment\solaris\services\database\postgresql\schema\project\functions\is_project_exists_for_resource_id.function.sql 
2020-08-14 22:47:50.4675||INFO|CytelDBDeployment.DBDeployment|Completed Execution D:\Cytel\CytelDBDeployment\solaris\services\database\postgresql\schema\project\functions\is_project_id_exists.sql 
2020-08-14 22:47:50.6990||INFO|CytelDBDeployment.DBDeployment|Completed Execution D:\Cytel\CytelDBDeployment\solaris\services\database\postgresql\schema\project\functions\is_project_id_exists_for_resource_id.function.sql 
2020-08-14 22:47:50.9203||INFO|CytelDBDeployment.DBDeployment|Completed Execution D:\Cytel\CytelDBDeployment\solaris\services\database\postgresql\schema\project\functions\is_project_name_exists.function.sql 
2020-08-14 22:47:51.1426||INFO|CytelDBDeployment.DBDeployment|Completed Execution D:\Cytel\CytelDBDeployment\solaris\services\database\postgresql\schema\project\functions\is_protocol_id_exists.function.sql 
2020-08-14 22:47:51.3697||INFO|CytelDBDeployment.DBDeployment|Completed Execution D:\Cytel\CytelDBDeployment\solaris\services\database\postgresql\schema\project\functions\project.is_project_info_changed.function.sql 
2020-08-14 22:47:51.5922||INFO|CytelDBDeployment.DBDeployment|Completed Execution D:\Cytel\CytelDBDeployment\solaris\services\database\postgresql\schema\project\stored procedures\project.create_input_advisor_inputs.procedure.sql 
2020-08-14 22:47:51.8249||INFO|CytelDBDeployment.DBDeployment|Completed Execution D:\Cytel\CytelDBDeployment\solaris\services\database\postgresql\schema\project\stored procedures\project.create_program.procedure.sql 
2020-08-14 22:47:52.0466||INFO|CytelDBDeployment.DBDeployment|Completed Execution D:\Cytel\CytelDBDeployment\solaris\services\database\postgresql\schema\project\stored procedures\project.create_project.procedure.sql 
2020-08-14 22:47:52.2680||INFO|CytelDBDeployment.DBDeployment|Completed Execution D:\Cytel\CytelDBDeployment\solaris\services\database\postgresql\schema\project\stored procedures\project.create_project_status.procedure.sql 
2020-08-14 22:47:52.4892||INFO|CytelDBDeployment.DBDeployment|Completed Execution D:\Cytel\CytelDBDeployment\solaris\services\database\postgresql\schema\project\stored procedures\project.update_project.procedure.sql 
2020-08-14 22:47:52.7115||INFO|CytelDBDeployment.DBDeployment|Completed Execution D:\Cytel\CytelDBDeployment\solaris\services\database\postgresql\schema\project\stored procedures\project.update_project_status.procedure.sql 
2020-08-14 22:47:52.9356||INFO|CytelDBDeployment.DBDeployment|Completed Execution D:\Cytel\CytelDBDeployment\solaris\services\database\postgresql\\static data scripts\project_service_input_advisor_static_data_script.sql 
2020-08-14 22:47:53.1799||INFO|CytelDBDeployment.DBDeployment|Completed Execution D:\Cytel\CytelDBDeployment\solaris\services\database\postgresql\\static data scripts\project_service_static_data_script.sql 
2020-08-14 22:47:53.4188||INFO|CytelDBDeployment.DBDeployment|Completed Execution D:\Cytel\CytelDBDeployment\solaris\services\database\postgresql\\static data scripts\project_service_statistical_engine_static_data_script.sql 
2020-08-14 22:47:53.7440||INFO|CytelDBDeployment.DBDeployment|Error while executing file D:\Cytel\CytelDBDeployment\solaris\services\database\postgresql\\static data scripts\securitygroup_static_data_script.sql 42703: column "ObjectID" of relation "SecurityGroup" does not exist 
2020-08-14 22:47:53.9796||INFO|CytelDBDeployment.DBDeployment|Completed Execution D:\Cytel\CytelDBDeployment\solaris\services\database\postgresql\\static data scripts\simulation_service_static_data_script.sql 
2020-08-14 22:47:54.2044||INFO|CytelDBDeployment.DBDeployment|Completed Execution D:\Cytel\CytelDBDeployment\solaris\services\database\postgresql\\static data scripts\update_project_service_statistical_engine_static_data_script.sql 
2020-08-14 22:47:54.4286||INFO|CytelDBDeployment.DBDeployment|Completed Execution D:\Cytel\CytelDBDeployment\solaris\services\database\postgresql\schema\simulation\Simulation.schema.sql 
2020-08-14 22:47:54.6570||INFO|CytelDBDeployment.DBDeployment|Completed Execution D:\Cytel\CytelDBDeployment\solaris\services\database\postgresql\schema\simulation\tables\Simulation.StaticTables.sql 
2020-08-14 22:47:54.8837||INFO|CytelDBDeployment.DBDeployment|Completed Execution D:\Cytel\CytelDBDeployment\solaris\services\database\postgresql\schema\simulation\tables\Simulation.TransactionTables.sql 
2020-08-14 22:47:55.1107||INFO|CytelDBDeployment.DBDeployment|Completed Execution D:\Cytel\CytelDBDeployment\solaris\services\database\postgresql\schema\simulation\functions\get_credits_for_simulation.sql 
2020-08-14 22:47:55.3436||INFO|CytelDBDeployment.DBDeployment|Completed Execution D:\Cytel\CytelDBDeployment\solaris\services\database\postgresql\schema\simulation\functions\get_credit_details.sql 
2020-08-14 22:47:55.8269||INFO|CytelDBDeployment.DBDeployment|Completed Execution D:\Cytel\CytelDBDeployment\solaris\services\database\postgresql\schema\simulation\functions\get_credit_ledger_usage.sql 
2020-08-14 22:47:56.0492||INFO|CytelDBDeployment.DBDeployment|Completed Execution D:\Cytel\CytelDBDeployment\solaris\services\database\postgresql\schema\simulation\functions\get_simulation_count.sql 
2020-08-14 22:47:56.2707||INFO|CytelDBDeployment.DBDeployment|Completed Execution D:\Cytel\CytelDBDeployment\solaris\services\database\postgresql\schema\simulation\stored procedures\insert_credit_ledger_data.sql 
2020-08-14 22:47:56.4930||INFO|CytelDBDeployment.DBDeployment|Completed Execution D:\Cytel\CytelDBDeployment\solaris\services\database\postgresql\schema\simulation\stored procedures\insert_project_simulation_data.sql 
2020-08-14 22:47:56.7157||INFO|CytelDBDeployment.DBDeployment|Completed Execution D:\Cytel\CytelDBDeployment\solaris\services\database\postgresql\schema\simulation\stored procedures\insert_simulation_data.sql 
2020-08-14 22:47:56.9528||INFO|CytelDBDeployment.DBDeployment|Completed Execution D:\Cytel\CytelDBDeployment\solaris\services\database\postgresql\schema\simulation\stored procedures\update_project_simulation_model_count.sql 
2020-08-14 22:47:57.1929||INFO|CytelDBDeployment.DBDeployment|Completed Execution D:\Cytel\CytelDBDeployment\solaris\services\database\postgresql\schema\result\Result.schema.sql 
2020-08-14 22:47:57.5329||INFO|CytelDBDeployment.DBDeployment|Error while executing file D:\Cytel\CytelDBDeployment\solaris\services\database\postgresql\schema\result\tables\Alter_Table_DesignDetailsDIM_Rename_Column.sql 42703: column "FixedAccrualRateUsedAfterAdapt" does not exist 
2020-08-14 22:47:57.7755||INFO|CytelDBDeployment.DBDeployment|Completed Execution D:\Cytel\CytelDBDeployment\solaris\services\database\postgresql\schema\result\tables\Result.TransactionTables.sql 
2020-08-14 22:47:57.9983||INFO|CytelDBDeployment.DBDeployment|Completed Execution D:\Cytel\CytelDBDeployment\solaris\services\database\postgresql\schema\result\functions\get_input_advisor_json.sql 
2020-08-14 22:47:58.2214||INFO|CytelDBDeployment.DBDeployment|Completed Execution D:\Cytel\CytelDBDeployment\solaris\services\database\postgresql\schema\result\functions\get_operational_cost_calculation_data.sql 
2020-08-14 22:47:58.4437||INFO|CytelDBDeployment.DBDeployment|Completed Execution D:\Cytel\CytelDBDeployment\solaris\services\database\postgresql\schema\result\functions\get_robustness_component_design_wise.sql 
2020-08-14 22:47:58.6737||INFO|CytelDBDeployment.DBDeployment|Completed Execution D:\Cytel\CytelDBDeployment\solaris\services\database\postgresql\schema\result\functions\get_simulation_models.sql 
2020-08-14 22:47:58.9019||INFO|CytelDBDeployment.DBDeployment|Completed Execution D:\Cytel\CytelDBDeployment\solaris\services\database\postgresql\schema\result\functions\get_simulation_result_json.sql 
2020-08-14 22:47:59.1269||INFO|CytelDBDeployment.DBDeployment|Completed Execution D:\Cytel\CytelDBDeployment\solaris\services\database\postgresql\schema\result\functions\get_simulation_result_json_objects.sql 
2020-08-14 22:47:59.3485||INFO|CytelDBDeployment.DBDeployment|Completed Execution D:\Cytel\CytelDBDeployment\solaris\services\database\postgresql\schema\result\functions\get_sim_model_name.sql 
2020-08-14 22:47:59.5714||INFO|CytelDBDeployment.DBDeployment|Completed Execution D:\Cytel\CytelDBDeployment\solaris\services\database\postgresql\schema\result\functions\get_sim_score_input_data.sql 
2020-08-14 22:47:59.8029||INFO|CytelDBDeployment.DBDeployment|Completed Execution D:\Cytel\CytelDBDeployment\solaris\services\database\postgresql\schema\result\functions\get_sim_score_output_data.sql 
2020-08-14 22:48:00.0392||INFO|CytelDBDeployment.DBDeployment|Completed Execution D:\Cytel\CytelDBDeployment\solaris\services\database\postgresql\schema\result\functions\get_time_unit_value.sql 
2020-08-14 22:48:00.2601||INFO|CytelDBDeployment.DBDeployment|Completed Execution D:\Cytel\CytelDBDeployment\solaris\services\database\postgresql\schema\result\functions\get_tradeoff_result.sql 
2020-08-14 22:48:00.4842||INFO|CytelDBDeployment.DBDeployment|Completed Execution D:\Cytel\CytelDBDeployment\solaris\services\database\postgresql\schema\result\functions\get_tradeoff_result_count.sql 
2020-08-14 22:48:00.8316||INFO|CytelDBDeployment.DBDeployment|Error while executing file D:\Cytel\CytelDBDeployment\solaris\services\database\postgresql\schema\result\functions\get_tradeoff_result_data.sql 42P13: return type mismatch in function declared to return record 
2020-08-14 22:48:01.0538||INFO|CytelDBDeployment.DBDeployment|Completed Execution D:\Cytel\CytelDBDeployment\solaris\services\database\postgresql\schema\result\functions\market_access_key_exists.sql 
2020-08-14 22:48:01.2766||INFO|CytelDBDeployment.DBDeployment|Completed Execution D:\Cytel\CytelDBDeployment\solaris\services\database\postgresql\schema\result\functions\operational_cost_key_exists.sql 
2020-08-14 22:48:01.6494||INFO|CytelDBDeployment.DBDeployment|Completed Execution D:\Cytel\CytelDBDeployment\solaris\services\database\postgresql\schema\result\functions\simulation_model_count_check.sql 
2020-08-14 22:48:01.8806||INFO|CytelDBDeployment.DBDeployment|Completed Execution D:\Cytel\CytelDBDeployment\solaris\services\database\postgresql\schema\result\stored procedures\insert_data_augmentation.sql 
2020-08-14 22:48:02.1083||INFO|CytelDBDeployment.DBDeployment|Completed Execution D:\Cytel\CytelDBDeployment\solaris\services\database\postgresql\schema\result\stored procedures\insert_design_details_result.procedure.sql 
2020-08-14 22:48:02.3326||INFO|CytelDBDeployment.DBDeployment|Completed Execution D:\Cytel\CytelDBDeployment\solaris\services\database\postgresql\schema\result\stored procedures\insert_enrollment_result.procedure.sql 
2020-08-14 22:48:02.5740||INFO|CytelDBDeployment.DBDeployment|Completed Execution D:\Cytel\CytelDBDeployment\solaris\services\database\postgresql\schema\result\stored procedures\insert_market_access_dim.sql 
2020-08-14 22:48:02.8092||INFO|CytelDBDeployment.DBDeployment|Completed Execution D:\Cytel\CytelDBDeployment\solaris\services\database\postgresql\schema\result\stored procedures\insert_operational_cost_dim.sql 
2020-08-14 22:48:03.0323||INFO|CytelDBDeployment.DBDeployment|Completed Execution D:\Cytel\CytelDBDeployment\solaris\services\database\postgresql\schema\result\stored procedures\insert_population_result.procedure.sql 
2020-08-14 22:48:03.2548||INFO|CytelDBDeployment.DBDeployment|Completed Execution D:\Cytel\CytelDBDeployment\solaris\services\database\postgresql\schema\result\stored procedures\insert_simulation_model_result.procedure.sql 
2020-08-14 22:48:03.4783||INFO|CytelDBDeployment.DBDeployment|Completed Execution D:\Cytel\CytelDBDeployment\solaris\services\database\postgresql\schema\result\stored procedures\insert_sim_model_error.sql 
2020-08-14 22:48:03.7033||INFO|CytelDBDeployment.DBDeployment|Completed Execution D:\Cytel\CytelDBDeployment\solaris\services\database\postgresql\schema\result\stored procedures\insert_sim_score_input.sql 
2020-08-14 22:48:03.9299||INFO|CytelDBDeployment.DBDeployment|Completed Execution D:\Cytel\CytelDBDeployment\solaris\services\database\postgresql\schema\result\stored procedures\insert_sim_score_output.sql 
2020-08-14 22:48:04.1505||INFO|CytelDBDeployment.DBDeployment|Completed Execution D:\Cytel\CytelDBDeployment\solaris\services\database\postgresql\schema\result\stored procedures\update_robustness_score_data_augmentation.sql 
2020-08-14 22:48:04.3747||INFO|CytelDBDeployment.DBDeployment|Completed Execution D:\Cytel\CytelDBDeployment\solaris\services\database\postgresql\schema\result\stored procedures\update_weightage_score_data_augmentation.sql 
